2023-06-24 13:08:35,267;Capella;5.2.0.202111301257;Open+Session;start_stop.aird;;
2023-06-24 13:08:38,668;Capella;5.2.0.202111301257;Open+Session;start_stop.aird;OK;
2023-06-24 13:09:02,483;Capella;5.2.0.202111301257;Create+Representation;Operational+Entity+Breakdown;;20323883-b937-4be2-b62c-5dcd76d512a9
2023-06-24 13:09:05,082;Capella;5.2.0.202111301257;Create+Representation;Operational+Entity+Breakdown;;20323883-b937-4be2-b62c-5dcd76d512a9
2023-06-24 13:09:05,537;Capella;5.2.0.202111301257;Create+Representation;Operational+Entity+Breakdown;OK;20323883-b937-4be2-b62c-5dcd76d512a9
2023-06-24 13:09:08,885;Capella;5.2.0.202111301257;Create+Representation;Operational+Entity+Breakdown;OK;20323883-b937-4be2-b62c-5dcd76d512a9
2023-06-24 13:13:39,106;Capella;5.2.0.202111301257;Create+Representation;Operational+Capabilities+Blank;;67497712-85ff-49d4-b205-d8b998f6afa6
2023-06-24 13:13:41,082;Capella;5.2.0.202111301257;Create+Representation;Operational+Capabilities+Blank;;67497712-85ff-49d4-b205-d8b998f6afa6
2023-06-24 13:13:41,137;Capella;5.2.0.202111301257;Create+Representation;Operational+Capabilities+Blank;OK;67497712-85ff-49d4-b205-d8b998f6afa6
2023-06-24 13:13:41,729;Capella;5.2.0.202111301257;Create+Representation;Operational+Capabilities+Blank;OK;67497712-85ff-49d4-b205-d8b998f6afa6
2023-06-24 13:14:43,645;Capella;5.2.0.202111301257;Create+Representation;Operational+Capabilities+Blank;;67497712-85ff-49d4-b205-d8b998f6afa6
2023-06-24 13:14:45,254;Capella;5.2.0.202111301257;Create+Representation;Operational+Capabilities+Blank;;67497712-85ff-49d4-b205-d8b998f6afa6
2023-06-24 13:14:45,282;Capella;5.2.0.202111301257;Create+Representation;Operational+Capabilities+Blank;OK;67497712-85ff-49d4-b205-d8b998f6afa6
2023-06-24 13:14:45,777;Capella;5.2.0.202111301257;Create+Representation;Operational+Capabilities+Blank;OK;67497712-85ff-49d4-b205-d8b998f6afa6
2023-06-24 13:34:44,310;Capella;5.2.0.202111301257;Open+Representation;;;
2023-06-24 13:34:44,894;Capella;5.2.0.202111301257;Open+Representation;;OK;
2023-06-24 14:08:38,510;Capella;5.2.0.202111301257;Create+Representation;Operational+Entity+Blank;;20323883-b937-4be2-b62c-5dcd76d512a9
2023-06-24 14:08:41,499;Capella;5.2.0.202111301257;Create+Representation;Operational+Entity+Blank;;20323883-b937-4be2-b62c-5dcd76d512a9
2023-06-24 14:08:41,546;Capella;5.2.0.202111301257;Create+Representation;Operational+Entity+Blank;OK;20323883-b937-4be2-b62c-5dcd76d512a9
2023-06-24 14:08:42,131;Capella;5.2.0.202111301257;Create+Representation;Operational+Entity+Blank;OK;20323883-b937-4be2-b62c-5dcd76d512a9
2023-06-24 14:18:29,668;Capella;5.2.0.202111301257;Transition;Operational+Activity+Scenario+to+Operational+Entity+Scenario+Initialization;;
2023-06-24 14:18:30,641;Capella;5.2.0.202111301257;Transition;Operational+Activity+Scenario+to+Operational+Entity+Scenario+Initialization;OK;
2023-06-24 14:18:52,271;Capella;5.2.0.202111301257;Transition;Operational+Activity+Scenario+to+Operational+Entity+Scenario+Initialization;;
2023-06-24 14:18:52,960;Capella;5.2.0.202111301257;Transition;Operational+Activity+Scenario+to+Operational+Entity+Scenario+Initialization;OK;
2023-06-24 14:19:21,844;Capella;5.2.0.202111301257;Create+Representation;Operational+Interaction+Scenario;;fa2932f6-b648-4c04-94f1-ad2a26c9885b
2023-06-24 14:19:21,931;Capella;5.2.0.202111301257;Create+Representation;Operational+Interaction+Scenario;OK;fa2932f6-b648-4c04-94f1-ad2a26c9885b
2023-06-24 14:19:27,833;Capella;5.2.0.202111301257;Open+Representation;;;
2023-06-24 14:19:28,621;Capella;5.2.0.202111301257;Open+Representation;;OK;
2023-06-24 14:22:11,525;Capella;5.2.0.202111301257;Create+Representation;Operational+Interaction+Scenario;;1531f97f-cfd9-4256-bf95-b14b901441f5
2023-06-24 14:22:11,580;Capella;5.2.0.202111301257;Create+Representation;Operational+Interaction+Scenario;OK;1531f97f-cfd9-4256-bf95-b14b901441f5
2023-06-24 14:22:16,628;Capella;5.2.0.202111301257;Open+Representation;;;
2023-06-24 14:22:17,295;Capella;5.2.0.202111301257;Open+Representation;;OK;
2023-06-24 14:24:48,481;Capella;5.2.0.202111301257;Transition;Operational+Entity+to+System+Actor+Transition;;
2023-06-24 14:33:19,132;Capella;5.2.0.202111301257;Transition;Operational+Entity+to+System+Actor+Transition;ERROR;
2023-06-24 14:33:27,848;Capella;5.2.0.202111301257;Transition;Operational+Entity+to+System+Actor+Transition;;
2023-06-24 14:33:30,129;Capella;5.2.0.202111301257;Transition;Operational+Entity+to+System+Actor+Transition;OK;
2023-06-24 14:33:44,366;Capella;5.2.0.202111301257;Create+Representation;Contextual+System+Actors;;c5c274b4-0cea-4161-a1c1-ffe33d53856d
2023-06-24 14:33:47,852;Capella;5.2.0.202111301257;Create+Representation;Contextual+System+Actors;;c5c274b4-0cea-4161-a1c1-ffe33d53856d
2023-06-24 14:33:48,148;Capella;5.2.0.202111301257;Create+Representation;Contextual+System+Actors;OK;c5c274b4-0cea-4161-a1c1-ffe33d53856d
2023-06-24 14:33:49,202;Capella;5.2.0.202111301257;Create+Representation;Contextual+System+Actors;OK;c5c274b4-0cea-4161-a1c1-ffe33d53856d
2023-06-24 14:36:18,685;Capella;5.2.0.202111301257;Open+Representation;;;
2023-06-24 14:36:19,218;Capella;5.2.0.202111301257;Open+Representation;;OK;
2023-06-24 14:37:53,547;Capella;5.2.0.202111301257;Transition;Operational+Capability+to+System+Mission+Transition;;
2023-06-24 14:37:55,943;Capella;5.2.0.202111301257;Transition;Operational+Capability+to+System+Mission+Transition;OK;
2023-06-24 14:40:30,176;Capella;5.2.0.202111301257;Create+Representation;Contextual+Mission;;9f312ffa-f4bc-4885-bba0-cc4ff15d12f0
2023-06-24 14:40:30,274;Capella;5.2.0.202111301257;Create+Representation;Contextual+Mission;OK;9f312ffa-f4bc-4885-bba0-cc4ff15d12f0
2023-06-24 14:41:12,424;Capella;5.2.0.202111301257;Open+Representation;;;
2023-06-24 14:41:13,040;Capella;5.2.0.202111301257;Open+Representation;;OK;
2023-06-24 14:41:47,677;Capella;5.2.0.202111301257;Transition;Operational+Capability+to+System+Mission+Transition;;
2023-06-24 14:41:50,506;Capella;5.2.0.202111301257;Transition;Operational+Capability+to+System+Mission+Transition;OK;
2023-06-24 14:41:59,890;Capella;5.2.0.202111301257;Create+Representation;Contextual+Mission;;33441407-1b67-46b2-9a54-a3977d539e68
2023-06-24 14:41:59,913;Capella;5.2.0.202111301257;Create+Representation;Contextual+Mission;OK;33441407-1b67-46b2-9a54-a3977d539e68
2023-06-24 14:53:00,176;Capella;5.2.0.202111301257;Create+Representation;Contextual+System+Actors;;c5c274b4-0cea-4161-a1c1-ffe33d53856d
2023-06-24 14:53:02,507;Capella;5.2.0.202111301257;Create+Representation;Contextual+System+Actors;OK;c5c274b4-0cea-4161-a1c1-ffe33d53856d
2023-06-24 15:08:00,117;Capella;5.2.0.202111301257;Open+Representation;;;
2023-06-24 15:08:00,880;Capella;5.2.0.202111301257;Open+Representation;;OK;
2023-06-24 16:08:02,334;Capella;5.2.0.202111301257;Open+Representation;;;
2023-06-24 16:08:02,885;Capella;5.2.0.202111301257;Open+Representation;;OK;
2023-06-24 16:47:38,906;Capella;5.2.0.202111301257;Open+Representation;;;
2023-06-24 16:47:39,462;Capella;5.2.0.202111301257;Open+Representation;;OK;
2023-06-24 16:54:28,030;Capella;5.2.0.202111301257;Open+Representation;;;
2023-06-24 16:54:28,547;Capella;5.2.0.202111301257;Open+Representation;;OK;
2023-06-24 16:55:06,402;Capella;5.2.0.202111301257;Open+Representation;;;
2023-06-24 16:55:06,973;Capella;5.2.0.202111301257;Open+Representation;;OK;
2023-06-24 16:55:16,153;Capella;5.2.0.202111301257;Open+Representation;;;
2023-06-24 16:55:16,709;Capella;5.2.0.202111301257;Open+Representation;;OK;
2023-06-24 16:55:59,832;Capella;5.2.0.202111301257;Open+Representation;;;
2023-06-24 16:56:00,423;Capella;5.2.0.202111301257;Open+Representation;;OK;
2023-06-24 16:57:05,705;Capella;5.2.0.202111301257;Create+Representation;System+Architecture+Blank;;ef8eab95-d203-4245-bab4-152cfcee3cdd
2023-06-24 16:57:07,387;Capella;5.2.0.202111301257;Create+Representation;System+Architecture+Blank;;ef8eab95-d203-4245-bab4-152cfcee3cdd
2023-06-24 16:57:07,476;Capella;5.2.0.202111301257;Create+Representation;System+Architecture+Blank;OK;ef8eab95-d203-4245-bab4-152cfcee3cdd
2023-06-24 16:57:08,061;Capella;5.2.0.202111301257;Create+Representation;System+Architecture+Blank;OK;ef8eab95-d203-4245-bab4-152cfcee3cdd
2023-06-24 21:31:04,074;Capella;5.2.0.202111301257;Open+Representation;;;
2023-06-24 21:31:04,772;Capella;5.2.0.202111301257;Open+Representation;;OK;
2023-06-24 21:37:02,674;Capella;5.2.0.202111301257;Transition;Function+Scenario+to+Exchange+Scenario+Initialization;;
2023-06-24 21:37:03,202;Capella;5.2.0.202111301257;Transition;Function+Scenario+to+Exchange+Scenario+Initialization;OK;
2023-06-24 21:37:39,654;Capella;5.2.0.202111301257;Create+Representation;Component+Exchanges+Scenario;;db893564-102f-478d-b786-d06c708e71ce
2023-06-24 21:37:39,897;Capella;5.2.0.202111301257;Create+Representation;Component+Exchanges+Scenario;OK;db893564-102f-478d-b786-d06c708e71ce
2023-06-24 21:37:51,791;Capella;5.2.0.202111301257;Open+Representation;;;
2023-06-24 21:37:52,608;Capella;5.2.0.202111301257;Open+Representation;;OK;
2023-06-24 21:41:26,844;Capella;5.2.0.202111301257;Open+Representation;;;
2023-06-24 21:41:27,813;Capella;5.2.0.202111301257;Open+Representation;;OK;
2023-06-24 21:41:35,900;Capella;5.2.0.202111301257;Transition;Function+Scenario+to+Exchange+Scenario+Initialization;;
2023-06-24 21:41:36,394;Capella;5.2.0.202111301257;Transition;Function+Scenario+to+Exchange+Scenario+Initialization;OK;
2023-06-24 21:41:57,843;Capella;5.2.0.202111301257;Create+Representation;Component+Exchanges+Scenario;;17d8e916-c745-4bbc-aa72-82092bf841ed
2023-06-24 21:41:58,011;Capella;5.2.0.202111301257;Create+Representation;Component+Exchanges+Scenario;OK;17d8e916-c745-4bbc-aa72-82092bf841ed
2023-06-24 22:13:00,197;Capella;5.2.0.202111301257;Transition;Functional+Transition;;
2023-06-24 22:13:03,574;Capella;5.2.0.202111301257;Transition;Functional+Transition;OK;
2023-06-24 22:21:45,645;Capella;5.2.0.202111301257;Transition;Actor+Transition;;
2023-06-24 22:21:48,141;Capella;5.2.0.202111301257;Transition;Actor+Transition;OK;
2023-06-26 07:43:44,088;Capella;5.2.0.202111301257;Open+Representation;;;
2023-06-26 07:43:48,366;Capella;5.2.0.202111301257;Open+Representation;;OK;
2023-06-26 07:44:46,438;Capella;5.2.0.202111301257;Open+Representation;;;
2023-06-26 07:44:47,682;Capella;5.2.0.202111301257;Open+Representation;;OK;
2023-06-26 07:44:51,087;Capella;5.2.0.202111301257;Open+Representation;;;
2023-06-26 07:44:51,989;Capella;5.2.0.202111301257;Open+Representation;;OK;
2023-06-26 07:53:45,508;Capella;5.2.0.202111301257;Transition;Functional+Transition;;
2023-06-26 07:53:56,130;Capella;5.2.0.202111301257;Transition;Functional+Transition;OK;
2023-06-26 07:54:05,354;Capella;5.2.0.202111301257;Transition;Functional+Transition;;
2023-06-26 07:54:08,732;Capella;5.2.0.202111301257;Transition;Functional+Transition;OK;
2023-06-26 07:55:16,448;Capella;5.2.0.202111301257;Transition;Functional+Transition;;
2023-06-26 07:55:19,236;Capella;5.2.0.202111301257;Transition;Functional+Transition;OK;
2023-06-26 07:55:42,903;Capella;5.2.0.202111301257;Create+Representation;Logical+Data+Flow+Blank;;66dc45c6-7e5f-4753-8a76-fa0245e0422e
2023-06-26 07:55:43,000;Capella;5.2.0.202111301257;Create+Representation;Logical+Data+Flow+Blank;OK;66dc45c6-7e5f-4753-8a76-fa0245e0422e
2023-06-26 22:07:56,893;Capella;5.2.0.202111301257;Create+Representation;Logical+Architecture+Blank;;daf914bd-267c-4ea2-9e8d-43daf3d9cf6e
2023-06-26 22:07:58,715;Capella;5.2.0.202111301257;Create+Representation;Logical+Architecture+Blank;;daf914bd-267c-4ea2-9e8d-43daf3d9cf6e
2023-06-26 22:07:58,810;Capella;5.2.0.202111301257;Create+Representation;Logical+Architecture+Blank;OK;daf914bd-267c-4ea2-9e8d-43daf3d9cf6e
2023-06-26 22:07:59,691;Capella;5.2.0.202111301257;Create+Representation;Logical+Architecture+Blank;OK;daf914bd-267c-4ea2-9e8d-43daf3d9cf6e
2023-06-26 22:08:54,630;Capella;5.2.0.202111301257;Open+Representation;;;
2023-06-26 22:08:55,241;Capella;5.2.0.202111301257;Open+Representation;;OK;
2023-06-26 22:09:28,090;Capella;5.2.0.202111301257;Open+Representation;;;
2023-06-26 22:09:28,994;Capella;5.2.0.202111301257;Open+Representation;;OK;
2023-06-26 22:09:38,521;Capella;5.2.0.202111301257;Transition;System+Transition;;
2023-06-26 22:09:42,682;Capella;5.2.0.202111301257;Transition;System+Transition;OK;
2023-06-26 22:09:53,149;Capella;5.2.0.202111301257;Open+Representation;;;
2023-06-26 22:09:53,754;Capella;5.2.0.202111301257;Open+Representation;;OK;
2023-06-26 22:10:07,819;Capella;5.2.0.202111301257;Transition;Functional+Transition;;
2023-06-26 22:10:17,337;Capella;5.2.0.202111301257;Transition;Functional+Transition;ERROR;
2023-06-26 22:10:24,392;Capella;5.2.0.202111301257;Create+Representation;Logical+Architecture+Blank;;daf914bd-267c-4ea2-9e8d-43daf3d9cf6e
2023-06-26 22:10:25,921;Capella;5.2.0.202111301257;Create+Representation;Logical+Architecture+Blank;;daf914bd-267c-4ea2-9e8d-43daf3d9cf6e
2023-06-26 22:10:25,973;Capella;5.2.0.202111301257;Create+Representation;Logical+Architecture+Blank;OK;daf914bd-267c-4ea2-9e8d-43daf3d9cf6e
2023-06-26 22:10:26,542;Capella;5.2.0.202111301257;Create+Representation;Logical+Architecture+Blank;OK;daf914bd-267c-4ea2-9e8d-43daf3d9cf6e
2023-06-26 22:11:13,415;Capella;5.2.0.202111301257;Transition;System+Transition;;
2023-06-26 22:11:19,584;Capella;5.2.0.202111301257;Transition;System+Transition;OK;
2023-06-26 22:13:39,857;Capella;5.2.0.202111301257;Create+Representation;Logical+Architecture+Blank;;daf914bd-267c-4ea2-9e8d-43daf3d9cf6e
2023-06-26 22:13:41,100;Capella;5.2.0.202111301257;Create+Representation;Logical+Architecture+Blank;;daf914bd-267c-4ea2-9e8d-43daf3d9cf6e
2023-06-26 22:13:41,129;Capella;5.2.0.202111301257;Create+Representation;Logical+Architecture+Blank;OK;daf914bd-267c-4ea2-9e8d-43daf3d9cf6e
2023-06-26 22:13:41,885;Capella;5.2.0.202111301257;Create+Representation;Logical+Architecture+Blank;OK;daf914bd-267c-4ea2-9e8d-43daf3d9cf6e
2023-06-26 22:31:06,068;Capella;5.2.0.202111301257;Create+Representation;Functional+Scenario;;d2123ab7-2a1a-4cca-889f-bc965d7fba7b
2023-06-26 22:31:06,163;Capella;5.2.0.202111301257;Create+Representation;Functional+Scenario;OK;d2123ab7-2a1a-4cca-889f-bc965d7fba7b
2023-06-27 17:12:01,006;Capella;5.2.0.202111301257;Open+Representation;;;
2023-06-27 17:12:02,062;Capella;5.2.0.202111301257;Open+Representation;;OK;
2023-06-27 17:12:27,698;Capella;5.2.0.202111301257;Open+Representation;;;
2023-06-27 17:12:28,887;Capella;5.2.0.202111301257;Open+Representation;;OK;
2023-06-27 17:13:32,418;Capella;5.2.0.202111301257;Create+Representation;Mode+State+Machine;;48fc61b6-18f1-45e2-8a2e-29ba40d2d03e
2023-06-27 17:13:50,383;Capella;5.2.0.202111301257;Create+Representation;Mode+State+Machine;;48fc61b6-18f1-45e2-8a2e-29ba40d2d03e
2023-06-27 17:13:50,516;Capella;5.2.0.202111301257;Create+Representation;Mode+State+Machine;OK;48fc61b6-18f1-45e2-8a2e-29ba40d2d03e
2023-06-27 17:13:51,282;Capella;5.2.0.202111301257;Create+Representation;Mode+State+Machine;OK;48fc61b6-18f1-45e2-8a2e-29ba40d2d03e
2023-06-28 08:13:40,830;Capella;5.2.0.202111301257;Open+Representation;;;
2023-06-28 08:13:43,621;Capella;5.2.0.202111301257;Open+Representation;;OK;
2023-06-28 08:14:01,695;Capella;5.2.0.202111301257;Open+Representation;;;
2023-06-28 08:14:04,100;Capella;5.2.0.202111301257;Open+Representation;;OK;
2023-06-28 08:15:18,840;Capella;5.2.0.202111301257;Open+Representation;;;
2023-06-28 08:15:20,976;Capella;5.2.0.202111301257;Open+Representation;;OK;
2023-06-28 08:15:56,492;Capella;5.2.0.202111301257;Open+Representation;;;
2023-06-28 08:15:57,983;Capella;5.2.0.202111301257;Open+Representation;;OK;
2023-06-28 08:16:02,141;Capella;5.2.0.202111301257;Open+Representation;;;
2023-06-28 08:16:04,118;Capella;5.2.0.202111301257;Open+Representation;;OK;
2023-07-07 14:53:51,629;Capella;5.2.0.202111301257;Open+Representation;;;
2023-07-07 14:53:55,352;Capella;5.2.0.202111301257;Open+Representation;;OK;
2023-07-07 14:55:53,011;Capella;5.2.0.202111301257;Create+Representation;Operational+Activities+-+Requirements;;8a09ea6e-e8c7-403c-bc62-51bfafb4621f
2023-07-07 14:55:53,205;Capella;5.2.0.202111301257;Create+Representation;Operational+Activities+-+Requirements;OK;8a09ea6e-e8c7-403c-bc62-51bfafb4621f
2023-07-07 14:56:03,179;Capella;5.2.0.202111301257;Open+Representation;;;
2023-07-07 14:56:03,771;Capella;5.2.0.202111301257;Open+Representation;;OK;
2023-07-09 13:23:45,513;Capella;5.2.0.202111301257;Open+Representation;;;
2023-07-09 13:23:46,788;Capella;5.2.0.202111301257;Open+Representation;;OK;
2023-07-09 13:23:58,362;Capella;5.2.0.202111301257;Open+Representation;;;
2023-07-09 13:23:59,565;Capella;5.2.0.202111301257;Open+Representation;;OK;
2023-07-09 13:24:12,708;Capella;5.2.0.202111301257;Open+Representation;;;
2023-07-09 13:24:14,371;Capella;5.2.0.202111301257;Open+Representation;;OK;
2023-07-09 13:25:14,228;Capella;5.2.0.202111301257;Open+Representation;;;
2023-07-09 13:25:15,067;Capella;5.2.0.202111301257;Open+Representation;;OK;
2023-07-09 13:25:19,555;Capella;5.2.0.202111301257;Open+Representation;;;
2023-07-09 13:25:20,894;Capella;5.2.0.202111301257;Open+Representation;;OK;
2023-07-11 09:07:31,632;Capella;5.2.0.202111301257;Open+Representation;;;
2023-07-11 09:07:34,687;Capella;5.2.0.202111301257;Open+Representation;;OK;
